<?xml version="1.0" encoding="UTF-8"?>
<!-- Generated by org.testng.reporters.JUnitXMLReporter -->
<testsuite hostname="DESKTOP-POCROKI" name="Default test" tests="5" failures="0" timestamp="21 Mar 2022 11:17:13 GMT" time="40.344" errors="0">
  <testcase name="createUser" time="34.2" classname="Swagger_API.swaggerAPI"/>
  <testcase name="login" time="1.639" classname="Swagger_API.swaggerAPI"/>
  <testcase name="edit" time="1.518" classname="Swagger_API.swaggerAPI"/>
  <testcase name="logout" time="1.49" classname="Swagger_API.swaggerAPI"/>
  <testcase name="delete" time="1.473" classname="Swagger_API.swaggerAPI"/>
</testsuite> <!-- Default test -->
